{"level":"warn","message":"⚠️ Route entered by the client: {\"0\":\"/undefined\"}"}
{"level":"warn","message":"⚠️ Route entered by the client: {\"0\":\"/undefined\"}"}
{"level":"warn","message":"⚠️ Route entered by the client: {\"0\":\"/undefined\"}"}
{"level":"error","message":"❌ cant send SMS to 5512308811"}
{"level":"warn","message":"⚠️ Route entered by the client: {\"0\":\"/undefined\"}"}
{"level":"warn","message":"⚠️ Route entered by the client: {\"0\":\"/undefined\"}"}
{"level":"warn","message":"⚠️ Invalid Password"}
{"level":"warn","message":"⚠️ Route entered by the client: {\"0\":\"/undefined\"}"}
{"level":"warn","message":"⚠️ Route entered by the client: {\"0\":\"/undefined\"}"}
{"level":"warn","message":"⚠️ Route entered by the client: {\"0\":\"/undefined\"}"}
{"level":"warn","message":"⚠️ Route entered by the client: {\"0\":\"/undefined\"}"}
{"level":"warn","message":"⚠️ Route entered by the client: {\"0\":\"/undefined\"}"}
{"level":"warn","message":"⚠️ Route entered by the client: {\"0\":\"/undefined\"}"}
{"level":"warn","message":"⚠️ Route entered by the client: {\"0\":\"/undefined\"}"}
{"level":"warn","message":"⚠️ Route entered by the client: {\"0\":\"/undefined\"}"}
{"level":"warn","message":"⚠️ Invalid Password"}
{"level":"warn","message":"⚠️ Route entered by the client: {\"0\":\"/undefined\"}"}
{"level":"warn","message":"⚠️ Route entered by the client: {\"0\":\"/undefined\"}"}
{"level":"warn","message":"⚠️ Route entered by the client: {\"0\":\"/raticate\"}"}
{"level":"warn","message":"⚠️ Route entered by the client: {\"0\":\"/undefined\"}"}
{"level":"warn","message":"⚠️ Route entered by the client: {\"0\":\"/undefined\"}"}
{"level":"warn","message":"⚠️ Route entered by the client: {\"0\":\"/undefined\"}"}
{"level":"warn","message":"⚠️ Route entered by the client: {\"0\":\"/undefined\"}"}
{"level":"warn","message":"⚠️ Invalid Password"}
{"level":"error","message":"❌ cant send SMS to 5531424218"}
{"level":"warn","message":"⚠️ Invalid Password"}
{"level":"warn","message":"⚠️ Invalid Password"}
{"level":"warn","message":"⚠️ User Not Found with username santi.iztli@gmail.com"}
{"level":"warn","message":"⚠️ User Not Found with username santi.iztli@gmail.com"}
{"level":"warn","message":"⚠️ User Not Found with username santi"}
{"level":"error","message":"❌ cant send SMS to 5512308811"}
{"level":"warn","message":"⚠️ User already exists"}
{"level":"warn","message":"⚠️ User already exists"}
{"level":"error","message":"❌ cant send SMS to 5512308811"}
{"level":"warn","message":"⚠️ No session to logout:"}
{"level":"warn","message":"⚠️ No session to logout:"}
{"level":"warn","message":"⚠️ User Not Found with username santi"}
{"level":"warn","message":"⚠️ Invalid Password"}
{"level":"warn","message":"⚠️ User Not Found with username sadfsdf"}
{"level":"warn","message":"⚠️ Invalid Password"}
{"level":"error","message":"❌ Error cant get pokémon service: AxiosError: Request failed with status code 404"}
{"level":"error","message":"❌ cant send SMS to 5512308811"}
{"level":"error","message":"❌ cant send SMS to 5512308811"}
{"level":"error","message":"❌ cant send SMS to 5512308811"}
{"level":"error","message":"❌ cant send SMS to 5512308811"}
